c:\users\ferra1\downloads\final_manca_pcd\progetto1\progetto1\debug\vc120.pdb
c:\users\ferra1\downloads\final_manca_pcd\progetto1\progetto1\debug\.netframework,version=v4.5.assemblyattributes.obj
c:\users\ferra1\downloads\final_manca_pcd\progetto1\progetto1\debug\myform1.obj
c:\users\ferra1\downloads\final_manca_pcd\progetto1\progetto1\debug\acquisizione.obj
c:\users\ferra1\downloads\final_manca_pcd\progetto1\debug\progetto1.exe
c:\users\ferra1\downloads\final_manca_pcd\progetto1\debug\progetto1.pdb
c:\users\ferra1\downloads\final_manca_pcd\progetto1\progetto1\debug\progetto1.myform.resources
c:\users\ferra1\downloads\final_manca_pcd\progetto1\progetto1\debug\progetto1.myform1.resources
c:\users\ferra1\downloads\final_manca_pcd\progetto1\progetto1\debug\progetto1.vcxproj.generateresource.cache
c:\users\ferra1\downloads\final_manca_pcd\progetto1\progetto1\debug\progetto1.vcxprojresolveassemblyreference.cache
c:\users\ferra1\downloads\final_manca_pcd\progetto1\progetto1\debug\progetto1.tlog\cl.command.1.tlog
c:\users\ferra1\downloads\final_manca_pcd\progetto1\progetto1\debug\progetto1.tlog\cl.read.1.tlog
c:\users\ferra1\downloads\final_manca_pcd\progetto1\progetto1\debug\progetto1.tlog\cl.write.1.tlog
c:\users\ferra1\downloads\final_manca_pcd\progetto1\progetto1\debug\progetto1.tlog\link.command.1.tlog
c:\users\ferra1\downloads\final_manca_pcd\progetto1\progetto1\debug\progetto1.tlog\link.read.1.tlog
c:\users\ferra1\downloads\final_manca_pcd\progetto1\progetto1\debug\progetto1.tlog\link.write.1.tlog
c:\users\ferra1\downloads\final_manca_pcd\progetto1\progetto1\debug\progetto1.tlog\metagen.read.1.tlog
c:\users\ferra1\downloads\final_manca_pcd\progetto1\progetto1\debug\progetto1.tlog\metagen.write.1.tlog
c:\users\ferra1\downloads\final_manca_pcd\progetto1\progetto1\debug\progetto1.tlog\progetto1.write.1u.tlog
c:\users\ferra1\downloads\final_manca_pcd\progetto1\progetto1\debug\progetto1.tlog\tzres.dll.bi
